===== invalid_time_format =====

[비로그인 메뉴]
1. 회원가입
2. 로그인
0. 종료
메뉴 선택: [로그인]
로그인 ID: 비밀번호: 로그인 성공: bonsu (role: member)

[member 메뉴]
현재 가상 시각: 2026-03-20 09:00
1. 현재 가상 시각 변경
2. 예약 가능 스터디룸 조회
3. 예약 신청
4. 예약 취소
5. 나의 예약 조회
6. 체크인
0. 로그아웃
메뉴 선택: [예약 신청]
현재 가상 시각: 2026-03-20 09:00
날짜 입력(yyyy-MM-dd): 시작 시각 입력(HH:mm): 오류: 시각 형식이 올바르지 않습니다. 예: 13:00

[member 메뉴]
현재 가상 시각: 2026-03-20 09:00
1. 현재 가상 시각 변경
2. 예약 가능 스터디룸 조회
3. 예약 신청
4. 예약 취소
5. 나의 예약 조회
6. 체크인
0. 로그아웃
메뉴 선택: 로그아웃되었습니다.

[비로그인 메뉴]
1. 회원가입
2. 로그인
0. 종료
메뉴 선택: 프로그램을 종료합니다.

===== invalid_date_format =====

[비로그인 메뉴]
1. 회원가입
2. 로그인
0. 종료
메뉴 선택: [로그인]
로그인 ID: 비밀번호: 로그인 성공: bonsu (role: member)

[member 메뉴]
현재 가상 시각: 2026-03-20 09:00
1. 현재 가상 시각 변경
2. 예약 가능 스터디룸 조회
3. 예약 신청
4. 예약 취소
5. 나의 예약 조회
6. 체크인
0. 로그아웃
메뉴 선택: [예약 신청]
현재 가상 시각: 2026-03-20 09:00
날짜 입력(yyyy-MM-dd): 오류: 날짜 형식이 올바르지 않습니다. 예: 2026-03-20

[member 메뉴]
현재 가상 시각: 2026-03-20 09:00
1. 현재 가상 시각 변경
2. 예약 가능 스터디룸 조회
3. 예약 신청
4. 예약 취소
5. 나의 예약 조회
6. 체크인
0. 로그아웃
메뉴 선택: 로그아웃되었습니다.

[비로그인 메뉴]
1. 회원가입
2. 로그인
0. 종료
메뉴 선택: 프로그램을 종료합니다.

===== nonexistent_date =====

[비로그인 메뉴]
1. 회원가입
2. 로그인
0. 종료
메뉴 선택: [로그인]
로그인 ID: 비밀번호: 로그인 성공: bonsu (role: member)

[member 메뉴]
현재 가상 시각: 2026-03-20 09:00
1. 현재 가상 시각 변경
2. 예약 가능 스터디룸 조회
3. 예약 신청
4. 예약 취소
5. 나의 예약 조회
6. 체크인
0. 로그아웃
메뉴 선택: [예약 신청]
현재 가상 시각: 2026-03-20 09:00
날짜 입력(yyyy-MM-dd): 오류: 날짜 형식이 올바르지 않습니다. 예: 2026-03-20

[member 메뉴]
현재 가상 시각: 2026-03-20 09:00
1. 현재 가상 시각 변경
2. 예약 가능 스터디룸 조회
3. 예약 신청
4. 예약 취소
5. 나의 예약 조회
6. 체크인
0. 로그아웃
메뉴 선택: 로그아웃되었습니다.

[비로그인 메뉴]
1. 회원가입
2. 로그인
0. 종료
메뉴 선택: 프로그램을 종료합니다.

===== trim_rejected =====

[비로그인 메뉴]
1. 회원가입
2. 로그인
0. 종료
메뉴 선택: [로그인]
로그인 ID: 비밀번호: 로그인 성공: bonsu (role: member)

[member 메뉴]
현재 가상 시각: 2026-03-20 09:00
1. 현재 가상 시각 변경
2. 예약 가능 스터디룸 조회
3. 예약 신청
4. 예약 취소
5. 나의 예약 조회
6. 체크인
0. 로그아웃
메뉴 선택: [예약 신청]
현재 가상 시각: 2026-03-20 09:00
날짜 입력(yyyy-MM-dd): 오류: 입력값 앞뒤에 공백을 넣을 수 없습니다.

[member 메뉴]
현재 가상 시각: 2026-03-20 09:00
1. 현재 가상 시각 변경
2. 예약 가능 스터디룸 조회
3. 예약 신청
4. 예약 취소
5. 나의 예약 조회
6. 체크인
0. 로그아웃
메뉴 선택: 로그아웃되었습니다.

[비로그인 메뉴]
1. 회원가입
2. 로그인
0. 종료
메뉴 선택: 프로그램을 종료합니다.
