===== admin_all_reservations =====

[비로그인 메뉴]
1. 회원가입
2. 로그인
0. 종료
메뉴 선택: [로그인]
로그인 ID: 비밀번호: 로그인 성공: admin (role: admin)

[admin 메뉴]
현재 가상 시각: 2026-03-20 09:00
1. 현재 가상 시각 변경
2. 전체 예약 정보 조회
3. 예약 조정(방 이동)
4. 룸 컨디션 관리
0. 로그아웃
메뉴 선택: [전체 예약 정보 조회]
현재 가상 시각: 2026-03-20 09:00
resvId   userId     userName   room   date       start end   인원   status       checkedInAt     
rv0001   user011    bonsu      R101   2026-03-21 11:00 12:00 2    RESERVED     -               
rv0002   user022    minseo     R102   2026-03-21 13:00 14:00 3    RESERVED     -               
조회가 끝났습니다.

[admin 메뉴]
현재 가상 시각: 2026-03-20 09:00
1. 현재 가상 시각 변경
2. 전체 예약 정보 조회
3. 예약 조정(방 이동)
4. 룸 컨디션 관리
0. 로그아웃
메뉴 선택: 로그아웃되었습니다.

[비로그인 메뉴]
1. 회원가입
2. 로그인
0. 종료
메뉴 선택: 프로그램을 종료합니다.
