===== reservation_create_success =====

[비로그인 메뉴]
1. 회원가입
2. 로그인
0. 종료
메뉴 선택: [로그인]
로그인 ID: 비밀번호: 로그인 성공: bonsu (role: member)

[member 메뉴]
현재 가상 시각: 2026-03-20 09:00
1. 현재 가상 시각 변경
2. 예약 가능 스터디룸 조회
3. 예약 신청
4. 예약 취소
5. 나의 예약 조회
6. 체크인
0. 로그아웃
메뉴 선택: [예약 신청]
현재 가상 시각: 2026-03-20 09:00
날짜 입력(yyyy-MM-dd): 시작 시각 입력(HH:mm): 종료 시각 입력(HH:mm): 인원 수 입력: 룸 ID 입력: 예약이 완료되었습니다. 예약번호: rv0001

[member 메뉴]
현재 가상 시각: 2026-03-20 09:00
1. 현재 가상 시각 변경
2. 예약 가능 스터디룸 조회
3. 예약 신청
4. 예약 취소
5. 나의 예약 조회
6. 체크인
0. 로그아웃
메뉴 선택: 로그아웃되었습니다.

[비로그인 메뉴]
1. 회원가입
2. 로그인
0. 종료
메뉴 선택: 프로그램을 종료합니다.
