===== adjust_success =====

[비로그인 메뉴]
1. 회원가입
2. 로그인
0. 종료
메뉴 선택: [로그인]
로그인 ID: 비밀번호: 로그인 성공: admin (role: admin)

[admin 메뉴]
현재 가상 시각: 2026-03-20 09:00
1. 현재 가상 시각 변경
2. 전체 예약 정보 조회
3. 예약 조정(방 이동)
4. 룸 컨디션 관리
0. 로그아웃
메뉴 선택: [예약 조정(방 이동)]
현재 가상 시각: 2026-03-20 09:00
조정할 예약번호 입력: 대상 룸 ID 입력: 변경 전 예약 레코드:
RESV|rv0001|user011|R101|2026-03-21|11:00|12:00|2|RESERVED|2026-03-20 09:00|-
변경 후 예약 레코드:
RESV|rv0001|user011|R102|2026-03-21|11:00|12:00|2|RESERVED|2026-03-20 09:00|-
예약 조정이 완료되었습니다.

[admin 메뉴]
현재 가상 시각: 2026-03-20 09:00
1. 현재 가상 시각 변경
2. 전체 예약 정보 조회
3. 예약 조정(방 이동)
4. 룸 컨디션 관리
0. 로그아웃
메뉴 선택: 로그아웃되었습니다.

[비로그인 메뉴]
1. 회원가입
2. 로그인
0. 종료
메뉴 선택: 프로그램을 종료합니다.
