===== my_reservations_success =====

[비로그인 메뉴]
1. 회원가입
2. 로그인
0. 종료
메뉴 선택: [로그인]
로그인 ID: 비밀번호: 로그인 성공: bonsu (role: member)

[member 메뉴]
현재 가상 시각: 2026-03-20 11:30
1. 현재 가상 시각 변경
2. 예약 가능 스터디룸 조회
3. 예약 신청
4. 예약 취소
5. 나의 예약 조회
6. 체크인
0. 로그아웃
메뉴 선택: [나의 예약 조회]
현재 가상 시각: 2026-03-20 11:30
resvId   room   roomName   date       start end   인원   status      
rv0001   R101   A룸         2026-03-20 13:00 15:00 2    RESERVED    
rv0003   R103   C룸         2026-03-21 10:00 12:00 4    RESERVED    
조회가 끝났습니다.

[member 메뉴]
현재 가상 시각: 2026-03-20 11:30
1. 현재 가상 시각 변경
2. 예약 가능 스터디룸 조회
3. 예약 신청
4. 예약 취소
5. 나의 예약 조회
6. 체크인
0. 로그아웃
메뉴 선택: 로그아웃되었습니다.

[비로그인 메뉴]
1. 회원가입
2. 로그인
0. 종료
메뉴 선택: 프로그램을 종료합니다.
