===== min_valid_4 =====

[비로그인 메뉴]
1. 회원가입
2. 로그인
0. 종료
메뉴 선택: [회원가입]
로그인 ID 입력: 비밀번호 입력: 사용자명 입력: 회원가입이 완료되었습니다.
발급된 사용자 ID: user023

[비로그인 메뉴]
1. 회원가입
2. 로그인
0. 종료
메뉴 선택: 프로그램을 종료합니다.

===== max_valid_20 =====

[비로그인 메뉴]
1. 회원가입
2. 로그인
0. 종료
메뉴 선택: [회원가입]
로그인 ID 입력: 비밀번호 입력: 사용자명 입력: 회원가입이 완료되었습니다.
발급된 사용자 ID: user023

[비로그인 메뉴]
1. 회원가입
2. 로그인
0. 종료
메뉴 선택: 프로그램을 종료합니다.

===== min_minus_1 =====

[비로그인 메뉴]
1. 회원가입
2. 로그인
0. 종료
메뉴 선택: [회원가입]
로그인 ID 입력: 비밀번호 입력: 오류: 비밀번호는 4~20자로 입력해야 합니다.

[비로그인 메뉴]
1. 회원가입
2. 로그인
0. 종료
메뉴 선택: 프로그램을 종료합니다.

===== max_plus_1 =====

[비로그인 메뉴]
1. 회원가입
2. 로그인
0. 종료
메뉴 선택: [회원가입]
로그인 ID 입력: 비밀번호 입력: 오류: 비밀번호는 4~20자로 입력해야 합니다.

[비로그인 메뉴]
1. 회원가입
2. 로그인
0. 종료
메뉴 선택: 프로그램을 종료합니다.
