===== auto_completed =====

[비로그인 메뉴]
1. 회원가입
2. 로그인
0. 종료
메뉴 선택: [로그인]
로그인 ID: 비밀번호: 로그인 성공: admin (role: admin)

[admin 메뉴]
현재 가상 시각: 2026-03-20 09:00
1. 현재 가상 시각 변경
2. 전체 예약 정보 조회
3. 예약 조정(방 이동)
4. 룸 컨디션 관리
0. 로그아웃
메뉴 선택: [현재 가상 시각 변경]
현재 가상 시각: 2026-03-20 09:00
새 현재 시각 입력(yyyy-MM-dd HH:mm): 기존 시각: 2026-03-20 09:00
새 시각: 2026-03-20 10:00
현재 시각이 변경되었습니다.
상태 변화 요약:
- CHECKED_IN -> COMPLETED : 1건

[admin 메뉴]
현재 가상 시각: 2026-03-20 10:00
1. 현재 가상 시각 변경
2. 전체 예약 정보 조회
3. 예약 조정(방 이동)
4. 룸 컨디션 관리
0. 로그아웃
메뉴 선택: 로그아웃되었습니다.

[비로그인 메뉴]
1. 회원가입
2. 로그인
0. 종료
메뉴 선택: 프로그램을 종료합니다.
