===== room_list_query =====

[비로그인 메뉴]
1. 회원가입
2. 로그인
0. 종료
메뉴 선택: [로그인]
로그인 ID: 비밀번호: 로그인 성공: admin (role: admin)

[admin 메뉴]
현재 가상 시각: 2026-03-20 17:30
1. 현재 가상 시각 변경
2. 전체 예약 정보 조회
3. 예약 조정(방 이동)
4. 룸 컨디션 관리
0. 로그아웃
메뉴 선택: 
[룸 컨디션 관리]
현재 가상 시각: 2026-03-20 17:30
1. 전체 룸 조회
2. 룸 최대 수용 인원 변경
3. 룸 임시 휴업
4. 룸 운영 재개
0. 상위 메뉴로
메뉴 선택: [전체 룸 조회]
roomId roomName     정원   status  
R101   A룸           4    OPEN    
R102   B룸           6    OPEN    
R103   C룸           8    CLOSED  
조회가 끝났습니다.

[룸 컨디션 관리]
현재 가상 시각: 2026-03-20 17:30
1. 전체 룸 조회
2. 룸 최대 수용 인원 변경
3. 룸 임시 휴업
4. 룸 운영 재개
0. 상위 메뉴로
메뉴 선택: 
[admin 메뉴]
현재 가상 시각: 2026-03-20 17:30
1. 현재 가상 시각 변경
2. 전체 예약 정보 조회
3. 예약 조정(방 이동)
4. 룸 컨디션 관리
0. 로그아웃
메뉴 선택: 로그아웃되었습니다.

[비로그인 메뉴]
1. 회원가입
2. 로그인
0. 종료
메뉴 선택: 프로그램을 종료합니다.
