===== member_time_change_success =====

[비로그인 메뉴]
1. 회원가입
2. 로그인
0. 종료
메뉴 선택: [로그인]
로그인 ID: 비밀번호: 로그인 성공: bonsu (role: member)

[member 메뉴]
현재 가상 시각: 2026-03-20 09:00
1. 현재 가상 시각 변경
2. 예약 가능 스터디룸 조회
3. 예약 신청
4. 예약 취소
5. 나의 예약 조회
6. 체크인
0. 로그아웃
메뉴 선택: [현재 가상 시각 변경]
현재 가상 시각: 2026-03-20 09:00
새 현재 시각 입력(yyyy-MM-dd HH:mm): 기존 시각: 2026-03-20 09:00
새 시각: 2026-03-20 10:00
현재 시각이 변경되었습니다.
상태 변화 없음

[member 메뉴]
현재 가상 시각: 2026-03-20 10:00
1. 현재 가상 시각 변경
2. 예약 가능 스터디룸 조회
3. 예약 신청
4. 예약 취소
5. 나의 예약 조회
6. 체크인
0. 로그아웃
메뉴 선택: 로그아웃되었습니다.

[비로그인 메뉴]
1. 회원가입
2. 로그인
0. 종료
메뉴 선택: 프로그램을 종료합니다.
