===== close_room_impacted_delete =====

[비로그인 메뉴]
1. 회원가입
2. 로그인
0. 종료
메뉴 선택: [로그인]
로그인 ID: 비밀번호: 로그인 성공: admin (role: admin)

[admin 메뉴]
현재 가상 시각: 2026-03-20 09:00
1. 현재 가상 시각 변경
2. 전체 예약 정보 조회
3. 예약 조정(방 이동)
4. 룸 컨디션 관리
0. 로그아웃
메뉴 선택: 
[룸 컨디션 관리]
현재 가상 시각: 2026-03-20 09:00
1. 전체 룸 조회
2. 룸 최대 수용 인원 변경
3. 룸 임시 휴업
4. 룸 운영 재개
0. 상위 메뉴로
메뉴 선택: [룸 임시 휴업]
현재 가상 시각: 2026-03-20 09:00
휴업할 룸 ID 입력: 영향 예약이 있어 처리 흐름을 시작합니다.
영향 예약 레코드:
RESV|rv0001|user011|R101|2026-03-21|11:00|12:00|2|RESERVED|2026-03-20 09:00|-
1) 다른 룸으로 이동
2) 해당 예약 취소
0) 이번 룸 컨디션 변경 전체 취소
메뉴 선택: 변경 전 ROOM 레코드:
ROOM|R101|A룸|4|OPEN
변경 후 ROOM 레코드:
ROOM|R101|A룸|4|CLOSED
룸이 임시 휴업 처리되었습니다.

[룸 컨디션 관리]
현재 가상 시각: 2026-03-20 09:00
1. 전체 룸 조회
2. 룸 최대 수용 인원 변경
3. 룸 임시 휴업
4. 룸 운영 재개
0. 상위 메뉴로
메뉴 선택: 
[admin 메뉴]
현재 가상 시각: 2026-03-20 09:00
1. 현재 가상 시각 변경
2. 전체 예약 정보 조회
3. 예약 조정(방 이동)
4. 룸 컨디션 관리
0. 로그아웃
메뉴 선택: 로그아웃되었습니다.

[비로그인 메뉴]
1. 회원가입
2. 로그인
0. 종료
메뉴 선택: 프로그램을 종료합니다.
